<?xml version="1.0" encoding="UTF-8"?>
<!-- Generated by org.testng.reporters.JUnitXMLReporter -->
<testsuite hostname="Mypc" name="Test" tests="3" failures="0" timestamp="22 Jun 2016 04:23:13 GMT" time="341.616" errors="0">
  <testcase name="stockAcc_Suppcre" time="23.764" classname="com.stockAccounting.Tests.testngsuupc"/>
  <testcase name="stockAcc_Cat" time="153.07" classname="com.stockAccounting.Tests.testtngstockcat"/>
  <testcase name="UomCrea" time="150.869" classname="com.stockAccounting.Tests.stockAccUomCre"/>
</testsuite> <!-- Test -->
