<?xml version="1.0" encoding="UTF-8"?>
<testng-results skipped="0" failed="0" total="2" passed="2">
  <reporter-output>
  </reporter-output>
  <suite name="Grid Test" duration-ms="21809" started-at="2016-08-04T06:58:25Z" finished-at="2016-08-04T06:58:47Z">
    <groups>
    </groups>
    <test name="on firefox" duration-ms="18114" started-at="2016-08-04T06:58:25Z" finished-at="2016-08-04T06:58:43Z">
      <class name="com.stockAccounting.Tests.gridtest123">
        <test-method status="PASS" signature="test(java.lang.String)[pri:0, instance:com.stockAccounting.Tests.gridtest123@26426fde]" name="test" duration-ms="18040" started-at="2016-08-04T12:28:25Z" finished-at="2016-08-04T12:28:43Z">
          <params>
            <param index="0">
              <value>
                <![CDATA[firefox]]>
              </value>
            </param>
          </params>
          <reporter-output>
          </reporter-output>
        </test-method> <!-- test -->
      </class> <!-- com.stockAccounting.Tests.gridtest123 -->
    </test> <!-- on firefox -->
    <test name="on chrome" duration-ms="21809" started-at="2016-08-04T06:58:25Z" finished-at="2016-08-04T06:58:47Z">
      <class name="com.stockAccounting.Tests.gridtest123">
        <test-method status="PASS" signature="test(java.lang.String)[pri:0, instance:com.stockAccounting.Tests.gridtest123@4e0b495e]" name="test" duration-ms="21739" started-at="2016-08-04T12:28:25Z" finished-at="2016-08-04T12:28:47Z">
          <params>
            <param index="0">
              <value>
                <![CDATA[chrome]]>
              </value>
            </param>
          </params>
          <reporter-output>
          </reporter-output>
        </test-method> <!-- test -->
      </class> <!-- com.stockAccounting.Tests.gridtest123 -->
    </test> <!-- on chrome -->
  </suite> <!-- Grid Test -->
</testng-results>
